<?xml version="1.0" encoding="UTF-8"?>
<!-- Generated by org.testng.reporters.JUnitXMLReporter -->
<testsuite ignored="0" hostname="priyaranjan" failures="0" tests="6" name="Test" time="68.245" errors="0" timestamp="2022-12-12T12:39:56 IST">
  <testcase classname="com.pathnxt.irctcTest.verifyNumberOfTrainsTest" name="verifynumberoftrains" time="19.102"/>
  <testcase classname="com.pathnxt.hyrtutorials.WindowHandleTest" name="windowhandle" time="13.833"/>
  <testcase classname="com.pathnxt.redbusTest.calculateTotaBusesTest" name="calculatebuses" time="6.736"/>
  <testcase classname="com.pathnxt.jquery.DragAndDropTest" name="draganddrop" time="4.355"/>
  <testcase classname="com.pathnxt.irctcTest.verifySuccessfulLaunchTest" name="verifyirctclaunch" time="7.996"/>
  <testcase classname="com.pathnxt.redbusTest.verifySucessfulLaunchingTest" name="verifyredbuslaunch" time="4.088"/>
</testsuite> <!-- Test -->
