<?xml version="1.0" encoding="UTF-8"?>
<!-- Generated by org.testng.reporters.JUnitXMLReporter -->
<testsuite ignored="0" hostname="priyaranjan" failures="0" tests="8" name="Default test" time="58.084" errors="0" timestamp="2022-12-19T18:31:43 IST">
  <testcase classname="com.pathnxt.dataprovider.LoginUsingDataproviderTest" name="Logindataprovider" time="4.781"/>
  <testcase classname="com.pathnxt.dataprovider.LoginUsingDataproviderTest" name="Logindataprovider" time="4.699"/>
  <testcase classname="com.pathnxt.dataprovider.LoginUsingDataproviderTest" name="Logindataprovider" time="4.482"/>
  <testcase classname="com.pathnxt.dataprovider.LoginUsingDataproviderTest" name="Logindataprovider" time="4.025"/>
  <testcase classname="com.pathnxt.dataprovider.LoginUsingDataproviderTest" name="Logindataprovider" time="4.366"/>
  <testcase classname="com.pathnxt.dataprovider.LoginUsingDataproviderTest" name="Logindataprovider" time="9.054"/>
  <testcase classname="com.pathnxt.dataprovider.LoginUsingDataproviderTest" name="Logindataprovider" time="4.765"/>
  <testcase classname="com.pathnxt.dataprovider.LoginUsingDataproviderTest" name="Logindataprovider" time="4.305"/>
</testsuite> <!-- Default test -->
