<?xml version="1.0" encoding="UTF-8"?>
<testng-results ignored="0" total="1" passed="1" failed="0" skipped="0">
  <reporter-output>
  </reporter-output>
  <suite started-at="2022-12-15T18:21:25 IST" name="Default suite" finished-at="2022-12-15T18:22:02 IST" duration-ms="37272">
    <groups>
    </groups>
    <test started-at="2022-12-15T18:21:25 IST" name="Default test" finished-at="2022-12-15T18:22:02 IST" duration-ms="37272">
      <class name="com.pathnxt.hyrtutorials.DropDownTest">
        <test-method is-config="true" signature="openthebrowser()[pri:0, instance:com.pathnxt.hyrtutorials.DropDownTest@543588e6]" started-at="2022-12-15T18:21:25 IST" name="openthebrowser" finished-at="2022-12-15T18:21:29 IST" duration-ms="3681" status="PASS">
          <reporter-output>
          </reporter-output>
        </test-method> <!-- openthebrowser -->
        <test-method signature="dropsown()[pri:0, instance:com.pathnxt.hyrtutorials.DropDownTest@543588e6]" started-at="2022-12-15T18:21:29 IST" name="dropsown" finished-at="2022-12-15T18:22:02 IST" duration-ms="33517" status="PASS">
          <reporter-output>
          </reporter-output>
        </test-method> <!-- dropsown -->
      </class> <!-- com.pathnxt.hyrtutorials.DropDownTest -->
    </test> <!-- Default test -->
  </suite> <!-- Default suite -->
</testng-results>
