<?xml version="1.0" encoding="UTF-8"?>
<testng-results ignored="0" total="4" passed="4" failed="0" skipped="0">
  <reporter-output>
  </reporter-output>
  <suite started-at="2022-12-09T17:32:13 IST" name="Suite" finished-at="2022-12-09T17:32:52 IST" duration-ms="38847">
    <groups>
    </groups>
    <test started-at="2022-12-09T17:32:13 IST" name="Test" finished-at="2022-12-09T17:32:52 IST" duration-ms="38847">
      <class name="com.pathnxt.jquery.DragAndDropTest">
        <test-method is-config="true" signature="openthebrowser()[pri:0, instance:com.pathnxt.jquery.DragAndDropTest@51e69659]" started-at="2022-12-09T17:32:38 IST" name="openthebrowser" finished-at="2022-12-09T17:32:39 IST" duration-ms="1217" status="PASS">
          <reporter-output>
          </reporter-output>
        </test-method> <!-- openthebrowser -->
        <test-method signature="draganddrop()[pri:0, instance:com.pathnxt.jquery.DragAndDropTest@51e69659]" started-at="2022-12-09T17:32:39 IST" name="draganddrop" finished-at="2022-12-09T17:32:44 IST" duration-ms="4118" status="PASS">
          <reporter-output>
          </reporter-output>
        </test-method> <!-- draganddrop -->
        <test-method is-config="true" signature="Quitbrowser()[pri:0, instance:com.pathnxt.jquery.DragAndDropTest@51e69659]" started-at="2022-12-09T17:32:44 IST" name="Quitbrowser" finished-at="2022-12-09T17:32:44 IST" duration-ms="271" status="PASS">
          <reporter-output>
          </reporter-output>
        </test-method> <!-- Quitbrowser -->
      </class> <!-- com.pathnxt.jquery.DragAndDropTest -->
      <class name="com.pathnxt.irctcTest.verifyNumberOfTrainsTest">
        <test-method is-config="true" signature="openthebrowser()[pri:0, instance:com.pathnxt.irctcTest.verifyNumberOfTrainsTest@74751b3]" started-at="2022-12-09T17:32:13 IST" name="openthebrowser" finished-at="2022-12-09T17:32:17 IST" duration-ms="3388" status="PASS">
          <reporter-output>
          </reporter-output>
        </test-method> <!-- openthebrowser -->
        <test-method signature="verifynumberoftrains()[pri:0, instance:com.pathnxt.irctcTest.verifyNumberOfTrainsTest@74751b3]" started-at="2022-12-09T17:32:17 IST" name="verifynumberoftrains" finished-at="2022-12-09T17:32:38 IST" duration-ms="20872" status="PASS">
          <reporter-output>
          </reporter-output>
        </test-method> <!-- verifynumberoftrains -->
        <test-method is-config="true" signature="Quitbrowser()[pri:0, instance:com.pathnxt.irctcTest.verifyNumberOfTrainsTest@74751b3]" started-at="2022-12-09T17:32:38 IST" name="Quitbrowser" finished-at="2022-12-09T17:32:38 IST" duration-ms="391" status="PASS">
          <reporter-output>
          </reporter-output>
        </test-method> <!-- Quitbrowser -->
      </class> <!-- com.pathnxt.irctcTest.verifyNumberOfTrainsTest -->
      <class name="com.pathnxt.irctcTest.verifySuccessfulLaunchTest">
        <test-method is-config="true" signature="openthebrowser()[pri:0, instance:com.pathnxt.irctcTest.verifySuccessfulLaunchTest@47e2e487]" started-at="2022-12-09T17:32:44 IST" name="openthebrowser" finished-at="2022-12-09T17:32:45 IST" duration-ms="1263" status="PASS">
          <reporter-output>
          </reporter-output>
        </test-method> <!-- openthebrowser -->
        <test-method signature="verifyirctclaunch()[pri:0, instance:com.pathnxt.irctcTest.verifySuccessfulLaunchTest@47e2e487]" started-at="2022-12-09T17:32:45 IST" name="verifyirctclaunch" finished-at="2022-12-09T17:32:46 IST" duration-ms="805" status="PASS">
          <reporter-output>
          </reporter-output>
        </test-method> <!-- verifyirctclaunch -->
        <test-method is-config="true" signature="Quitbrowser()[pri:0, instance:com.pathnxt.irctcTest.verifySuccessfulLaunchTest@47e2e487]" started-at="2022-12-09T17:32:46 IST" name="Quitbrowser" finished-at="2022-12-09T17:32:46 IST" duration-ms="262" status="PASS">
          <reporter-output>
          </reporter-output>
        </test-method> <!-- Quitbrowser -->
      </class> <!-- com.pathnxt.irctcTest.verifySuccessfulLaunchTest -->
      <class name="com.pathnxt.redbusTest.verifySucessfulLaunchingTest">
        <test-method is-config="true" signature="openthebrowser()[pri:0, instance:com.pathnxt.redbusTest.verifySucessfulLaunchingTest@201a4587]" started-at="2022-12-09T17:32:46 IST" name="openthebrowser" finished-at="2022-12-09T17:32:47 IST" duration-ms="1248" status="PASS">
          <reporter-output>
          </reporter-output>
        </test-method> <!-- openthebrowser -->
        <test-method signature="verifyredbuslaunch()[pri:0, instance:com.pathnxt.redbusTest.verifySucessfulLaunchingTest@201a4587]" started-at="2022-12-09T17:32:47 IST" name="verifyredbuslaunch" finished-at="2022-12-09T17:32:51 IST" duration-ms="4105" status="PASS">
          <reporter-output>
          </reporter-output>
        </test-method> <!-- verifyredbuslaunch -->
        <test-method is-config="true" signature="Quitbrowser()[pri:0, instance:com.pathnxt.redbusTest.verifySucessfulLaunchingTest@201a4587]" started-at="2022-12-09T17:32:51 IST" name="Quitbrowser" finished-at="2022-12-09T17:32:52 IST" duration-ms="308" status="PASS">
          <reporter-output>
          </reporter-output>
        </test-method> <!-- Quitbrowser -->
      </class> <!-- com.pathnxt.redbusTest.verifySucessfulLaunchingTest -->
    </test> <!-- Test -->
  </suite> <!-- Suite -->
</testng-results>
